{"/home/ijsilva/00. Conteudos da trybe/trybe-exercicios/01-fundamentos/secao-07-introducao-a-javascript-es6-e-testes-unitarios/dia-03-primeiros-passos-em-jest/Para Fixar/loginValidation.js": {"path":"/home/ijsilva/00. Conteudos da trybe/trybe-exercicios/01-fundamentos/secao-07-introducao-a-javascript-es6-e-testes-unitarios/dia-03-primeiros-passos-em-jest/Para Fixar/loginValidation.js","statementMap":{"0":{"start":{"line":2,"column":24},"end":{"line":4,"column":3}},"1":{"start":{"line":3,"column":4},"end":{"line":3,"column":55}},"2":{"start":{"line":6,"column":28},"end":{"line":8,"column":3}},"3":{"start":{"line":7,"column":4},"end":{"line":7,"column":71}},"4":{"start":{"line":10,"column":15},"end":{"line":13,"column":3}},"5":{"start":{"line":15,"column":28},"end":{"line":21,"column":3}},"6":{"start":{"line":16,"column":4},"end":{"line":20,"column":5}},"7":{"start":{"line":17,"column":6},"end":{"line":17,"column":39}},"8":{"start":{"line":19,"column":6},"end":{"line":19,"column":41}},"9":{"start":{"line":23,"column":33},"end":{"line":23,"column":37}},"10":{"start":{"line":25,"column":2},"end":{"line":25,"column":76}}},"fnMap":{"0":{"name":"(anonymous_0)","decl":{"start":{"line":2,"column":24},"end":{"line":2,"column":25}},"loc":{"start":{"line":2,"column":34},"end":{"line":4,"column":3}},"line":2},"1":{"name":"(anonymous_1)","decl":{"start":{"line":6,"column":28},"end":{"line":6,"column":29}},"loc":{"start":{"line":6,"column":38},"end":{"line":8,"column":3}},"line":6},"2":{"name":"(anonymous_2)","decl":{"start":{"line":15,"column":28},"end":{"line":15,"column":29}},"loc":{"start":{"line":15,"column":56},"end":{"line":21,"column":3}},"line":15}},"branchMap":{"0":{"loc":{"start":{"line":16,"column":4},"end":{"line":20,"column":5}},"type":"if","locations":[{"start":{"line":16,"column":4},"end":{"line":20,"column":5}},{"start":{"line":18,"column":11},"end":{"line":20,"column":5}}],"line":16},"1":{"loc":{"start":{"line":16,"column":8},"end":{"line":16,"column":51}},"type":"binary-expr","locations":[{"start":{"line":16,"column":8},"end":{"line":16,"column":27}},{"start":{"line":16,"column":31},"end":{"line":16,"column":51}}],"line":16}},"s":{"0":1,"1":1,"2":1,"3":2,"4":1,"5":1,"6":1,"7":0,"8":1,"9":1,"10":1},"f":{"0":1,"1":2,"2":1},"b":{"0":[0,1],"1":[1,1]},"_coverageSchema":"1a1c01bbd47fc00a2c39e90264f33305004495a9","hash":"57f820245c3a565f14a55c3bbff43c9b5f3b57bb"}
,"/home/ijsilva/00. Conteudos da trybe/trybe-exercicios/01-fundamentos/secao-07-introducao-a-javascript-es6-e-testes-unitarios/dia-03-primeiros-passos-em-jest/Para Fixar/script.js": {"path":"/home/ijsilva/00. Conteudos da trybe/trybe-exercicios/01-fundamentos/secao-07-introducao-a-javascript-es6-e-testes-unitarios/dia-03-primeiros-passos-em-jest/Para Fixar/script.js","statementMap":{"0":{"start":{"line":1,"column":12},"end":{"line":1,"column":27}},"1":{"start":{"line":1,"column":22},"end":{"line":1,"column":27}},"2":{"start":{"line":3,"column":0},"end":{"line":3,"column":21}}},"fnMap":{"0":{"name":"(anonymous_0)","decl":{"start":{"line":1,"column":12},"end":{"line":1,"column":13}},"loc":{"start":{"line":1,"column":22},"end":{"line":1,"column":27}},"line":1}},"branchMap":{},"s":{"0":1,"1":1,"2":1},"f":{"0":1},"b":{},"_coverageSchema":"1a1c01bbd47fc00a2c39e90264f33305004495a9","hash":"01ee0c090081143e3aba451b90f67df8798e4420"}
}
